<?xml version="1.0" encoding="UTF-8"?>
<!-- Generated by org.testng.reporters.JUnitReportReporter -->
<testsuite skipped="0" hostname="Balaraj-PC" name="Basic.Temp" tests="1" failures="0" timestamp="12 Mar 2020 18:56:43 GMT" time="24.865" errors="0">
  <testcase name="temp" time="24.865" classname="Basic.Temp"/>
</testsuite> <!-- Basic.Temp -->
