<?xml version="1.0" encoding="UTF-8"?>
<!-- Generated by org.testng.reporters.JUnitReportReporter -->
<testsuite skipped="0" hostname="Balaraj-PC" name="Basic.NewTest" tests="2" failures="0" timestamp="07 Mar 2020 20:06:02 GMT" time="0.032" errors="0">
  <testcase name="Sum" time="0.016" classname="Basic.NewTest"/>
  <testcase name="div" time="0.016" classname="Basic.NewTest"/>
</testsuite> <!-- Basic.NewTest -->
