<?xml version="1.0" encoding="UTF-8"?>
<!-- Generated by org.testng.reporters.JUnitReportReporter -->
<testsuite skipped="0" hostname="Balaraj-PC" name="Scenarios.PlaceOrder" tests="10" failures="0" timestamp="12 Mar 2020 20:54:13 GMT" time="26.404" errors="0">
  <testcase name="confirmOrder" time="0.342" classname="Scenarios.PlaceOrder"/>
  <testcase name="paymentMethod" time="0.542" classname="Scenarios.PlaceOrder"/>
  <testcase name="userlogin" time="15.094" classname="Scenarios.PlaceOrder"/>
  <testcase name="searchForProduct" time="1.347" classname="Scenarios.PlaceOrder"/>
  <testcase name="billingAdrress" time="0.145" classname="Scenarios.PlaceOrder"/>
  <testcase name="logout" time="2.444" classname="Scenarios.PlaceOrder"/>
  <testcase name="paymentInformation" time="0.415" classname="Scenarios.PlaceOrder"/>
  <testcase name="successMessage" time="2.507" classname="Scenarios.PlaceOrder"/>
  <testcase name="addToCart" time="2.969" classname="Scenarios.PlaceOrder"/>
  <testcase name="shippingAddress" time="0.599" classname="Scenarios.PlaceOrder"/>
</testsuite> <!-- Scenarios.PlaceOrder -->
