<?xml version="1.0" encoding="UTF-8"?>
<!-- Generated by org.testng.reporters.JUnitReportReporter -->
<testsuite skipped="0" hostname="Balaraj-PC" name="Scenarios.UserLogin" tests="1" failures="0" timestamp="12 Mar 2020 18:40:35 GMT" time="41.158" errors="0">
  <testcase name="userlogin" time="41.158" classname="Scenarios.UserLogin"/>
</testsuite> <!-- Scenarios.UserLogin -->
